<?xml version="1.0" encoding="UTF-8"?>
<!-- Generated by org.testng.reporters.JUnitReportReporter -->
<testsuite hostname="LAPTOP-BO2D2AR6" failures="0" tests="2" name="jav.auto.Test2" time="0.002" errors="0" timestamp="2021-03-05T19:45:07 GMT" skipped="0">
  <testcase classname="jav.auto.Test2" name="apiPersonalLoan" time="0.001"/>
  <system-out>
apiPersonalLoan method  </system-out>
  <testcase classname="jav.auto.Test2" name="mobilePersonalCarLoan" time="0.001"/>
  <system-out>
mobilePersonalCarLoan mthd  </system-out>
</testsuite> <!-- jav.auto.Test2 -->
