<?xml version="1.0" encoding="UTF-8"?>
<!-- Generated by org.testng.reporters.JUnitReportReporter -->
<testsuite hostname="LAPTOP-BO2D2AR6" failures="0" tests="2" name="jav.auto.Test3" time="0.002" errors="0" timestamp="2021-03-05T19:45:07 GMT" skipped="0">
  <testcase classname="jav.auto.Test3" name="hi" time="0.001"/>
  <system-out>
hi  </system-out>
  <testcase classname="jav.auto.Test3" name="you" time="0.001"/>
  <system-out>
you  </system-out>
</testsuite> <!-- jav.auto.Test3 -->
