<?xml version="1.0" encoding="UTF-8"?>
<!-- Generated by org.testng.reporters.JUnitReportReporter -->
<testsuite hostname="LAPTOP-BO2D2AR6" failures="0" tests="1" name="jav.auto.Test1" time="0.012" errors="0" timestamp="2021-03-05T19:45:07 GMT" skipped="0">
  <testcase classname="jav.auto.Test1" name="webHomeLoan" time="0.012"/>
  <system-out>
1st method  </system-out>
</testsuite> <!-- jav.auto.Test1 -->
